\BOOKMARK [0][-]{chapter.1}{\376\377\000P\000e\000n\000g\000e\000n\000a\000l\000a\000n\000\040\000S\000i\000s\000t\000e\000m\000\040\000O\000p\000e\000r\000a\000s\000i}{}% 1
\BOOKMARK [1][-]{section.1.1}{\376\377\000V\000i\000r\000t\000u\000a\000l\000i\000s\000a\000s\000i\000\040\000C\000P\000U}{chapter.1}% 2
\BOOKMARK [1][-]{section.1.2}{\376\377\000V\000i\000r\000t\000u\000a\000l\000i\000s\000a\000s\000i\000\040\000M\000e\000m\000o\000r\000i}{chapter.1}% 3
\BOOKMARK [1][-]{section.1.3}{\376\377\000K\000o\000n\000k\000u\000r\000e\000n\000s\000i}{chapter.1}% 4
\BOOKMARK [1][-]{section.1.4}{\376\377\000P\000e\000r\000s\000i\000s\000t\000e\000n\000s\000i}{chapter.1}% 5
\BOOKMARK [1][-]{section.1.5}{\376\377\000T\000u\000j\000u\000a\000n\000\040\000D\000e\000s\000a\000i\000n}{chapter.1}% 6
\BOOKMARK [1][-]{section.1.6}{\376\377\000S\000e\000d\000i\000k\000i\000t\000\040\000S\000e\000j\000a\000r\000a\000h}{chapter.1}% 7
\BOOKMARK [1][-]{section.1.7}{\376\377\000R\000i\000n\000g\000k\000a\000s\000a\000n}{chapter.1}% 8
\BOOKMARK [0][-]{chapter.2}{\376\377\000A\000b\000s\000t\000r\000a\000k\000s\000i\000:\000\040\000P\000r\000o\000s\000e\000s}{}% 9
\BOOKMARK [1][-]{section.2.1}{\376\377\000A\000b\000s\000t\000r\000a\000k\000s\000i\000:\000\040\000S\000e\000b\000u\000a\000h\000\040\000P\000r\000o\000s\000e\000s}{chapter.2}% 10
\BOOKMARK [1][-]{section.2.2}{\376\377\000A\000P\000I\000\040\000P\000r\000o\000s\000e\000s}{chapter.2}% 11
\BOOKMARK [1][-]{section.2.3}{\376\377\000P\000e\000m\000b\000u\000a\000t\000a\000n\000\040\000P\000r\000o\000s\000e\000s\000:\000\040\000L\000e\000b\000i\000h\000\040\000D\000e\000t\000a\000i\000l}{chapter.2}% 12
\BOOKMARK [1][-]{section.2.4}{\376\377\000S\000t\000a\000t\000e\000\040\000P\000r\000o\000s\000e\000s}{chapter.2}% 13
\BOOKMARK [1][-]{section.2.5}{\376\377\000S\000t\000r\000u\000k\000t\000u\000r\000\040\000D\000a\000t\000a}{chapter.2}% 14
\BOOKMARK [1][-]{section.2.6}{\376\377\000R\000i\000n\000g\000k\000a\000s\000a\000n}{chapter.2}% 15
\BOOKMARK [0][-]{chapter.3}{\376\377\000A\000n\000t\000a\000r\000m\000u\000k\000a\000\040\000A\000P\000I\000\040\000P\000r\000o\000s\000e\000s}{}% 16
\BOOKMARK [1][-]{section.3.1}{\376\377\000S\000y\000s\000t\000e\000m\000\040\000C\000a\000l\000l\000\040\000f\000o\000r\000k\000\050\000\051}{chapter.3}% 17
\BOOKMARK [1][-]{section.3.2}{\376\377\000R\000u\000a\000n\000g\000\040\000A\000l\000a\000m\000a\000t\000\040\000S\000e\000t\000e\000l\000a\000h\000\040\000f\000o\000r\000k\000\050\000\051}{chapter.3}% 18
\BOOKMARK [1][-]{section.3.3}{\376\377\000S\000y\000s\000t\000e\000m\000\040\000C\000a\000l\000l\000\040\000w\000a\000i\000t\000\050\000\051\000\040\000d\000a\000n\000\040\000w\000a\000i\000t\000p\000i\000d\000\050\000\051}{chapter.3}% 19
\BOOKMARK [1][-]{section.3.4}{\376\377\000S\000y\000s\000t\000e\000m\000\040\000C\000a\000l\000l\000\040\000K\000e\000l\000u\000a\000r\000g\000a\000\040\000e\000x\000e\000c\000\050\000\051}{chapter.3}% 20
\BOOKMARK [1][-]{section.3.5}{\376\377\000M\000e\000n\000g\000a\000p\000a\000\040\000A\000P\000I\000\040\000P\000r\000o\000s\000e\000s\000\040\000D\000i\000r\000a\000n\000c\000a\000n\000g\000\040\000S\000e\000p\000e\000r\000t\000i\000\040\000I\000n\000i\000?}{chapter.3}% 21
\BOOKMARK [1][-]{section.3.6}{\376\377\000R\000e\000d\000i\000r\000e\000k\000s\000i\000\040\000O\000u\000t\000p\000u\000t\000\040\000d\000a\000n\000\040\000P\000i\000p\000e}{chapter.3}% 22
\BOOKMARK [1][-]{section.3.7}{\376\377\000K\000o\000n\000t\000r\000o\000l\000\040\000P\000r\000o\000s\000e\000s\000\040\000D\000e\000n\000g\000a\000n\000\040\000S\000i\000n\000y\000a\000l}{chapter.3}% 23
\BOOKMARK [1][-]{section.3.8}{\376\377\000P\000e\000n\000g\000g\000u\000n\000a\000,\000\040\000H\000a\000k\000\040\000A\000k\000s\000e\000s\000,\000\040\000d\000a\000n\000\040\000S\000u\000p\000e\000r\000u\000s\000e\000r}{chapter.3}% 24
\BOOKMARK [1][-]{section.3.9}{\376\377\000A\000l\000a\000t\000\040\000P\000r\000a\000k\000t\000i\000s\000\040\000u\000n\000t\000u\000k\000\040\000O\000b\000s\000e\000r\000v\000a\000s\000i\000\040\000P\000r\000o\000s\000e\000s}{chapter.3}% 25
\BOOKMARK [1][-]{section.3.10}{\376\377\000R\000i\000n\000g\000k\000a\000s\000a\000n}{chapter.3}% 26
